<?xml version="1.0" encoding="UTF-8"?>
<robot generator="Robot 6.0.2 (Python 3.9.13 on win32)" generated="20230512 17:42:44.822" rpa="false" schemaversion="3">
<suite id="s1" name="Goibibo" source="D:\Work Space\Robot_Framework\Tests\Goibibo.robot">
<test id="s1-t1" name="Validate Flight Search" line="6">
<kw name="Given User nevigate to Goibibo website" library="Goibibo_Keywords">
<kw name="Open Browser" library="SeleniumLibrary">
<arg>https://www.goibibo.com/</arg>
<arg>chrome</arg>
<doc>Opens a new browser instance to the optional ``url``.</doc>
<msg timestamp="20230512 17:42:44.984" level="INFO">Opening browser 'chrome' to base url 'https://www.goibibo.com/'.</msg>
<msg timestamp="20230512 17:42:44.989" level="INFO">Applicable driver not found; attempting to install with Selenium Manager (Beta)</msg>
<status status="PASS" starttime="20230512 17:42:44.984" endtime="20230512 17:42:49.591"/>
</kw>
<kw name="Maximize Browser Window" library="SeleniumLibrary">
<doc>Maximizes current browser window.</doc>
<status status="PASS" starttime="20230512 17:42:49.591" endtime="20230512 17:42:49.724"/>
</kw>
<kw name="Click Element" library="SeleniumLibrary">
<arg>xpath://span[@class='logSprite icClose']</arg>
<doc>Click the element identified by ``locator``.</doc>
<msg timestamp="20230512 17:42:49.725" level="INFO">Clicking element 'xpath://span[@class='logSprite icClose']'.</msg>
<status status="PASS" starttime="20230512 17:42:49.724" endtime="20230512 17:42:50.020"/>
</kw>
<status status="PASS" starttime="20230512 17:42:44.984" endtime="20230512 17:42:50.020"/>
</kw>
<kw name="Then User click on Flight Tab" library="Goibibo_Keywords">
<kw name="Click Element" library="SeleniumLibrary">
<arg>xpath://a[@class='nav-link active']</arg>
<doc>Click the element identified by ``locator``.</doc>
<msg timestamp="20230512 17:42:50.021" level="INFO">Clicking element 'xpath://a[@class='nav-link active']'.</msg>
<status status="PASS" starttime="20230512 17:42:50.021" endtime="20230512 17:42:51.530"/>
</kw>
<status status="PASS" starttime="20230512 17:42:50.021" endtime="20230512 17:42:51.530"/>
</kw>
<kw name="And User search flight from Mumbai to Delhi" library="Goibibo_Keywords">
<kw name="Click Element" library="SeleniumLibrary">
<arg>xpath://span[text()='From']//following-sibling::p</arg>
<doc>Click the element identified by ``locator``.</doc>
<msg timestamp="20230512 17:42:51.531" level="INFO">Clicking element 'xpath://span[text()='From']//following-sibling::p'.</msg>
<status status="PASS" starttime="20230512 17:42:51.531" endtime="20230512 17:42:51.658"/>
</kw>
<kw name="Input Text" library="SeleniumLibrary">
<arg>xpath://input[@type='text']</arg>
<arg>Mumbai</arg>
<doc>Types the given ``text`` into the text field identified by ``locator``.</doc>
<msg timestamp="20230512 17:42:51.659" level="INFO">Typing text 'Mumbai' into text field 'xpath://input[@type='text']'.</msg>
<status status="PASS" starttime="20230512 17:42:51.659" endtime="20230512 17:42:51.909"/>
</kw>
<kw name="Press Keys" library="SeleniumLibrary">
<arg>xpath://input[@type='text']</arg>
<arg>ENTER</arg>
<doc>Simulates the user pressing key(s) to an element or on the active browser.</doc>
<msg timestamp="20230512 17:42:51.910" level="INFO">Sending key(s) ('ENTER',) to xpath://input[@type='text'] element.</msg>
<msg timestamp="20230512 17:42:52.208" level="INFO">Pressing special key ENTER to element.</msg>
<msg timestamp="20230512 17:42:52.208" level="INFO">Releasing special key ENTER.</msg>
<status status="PASS" starttime="20230512 17:42:51.909" endtime="20230512 17:42:52.241"/>
</kw>
<kw name="Sleep" library="BuiltIn">
<arg>1</arg>
<doc>Pauses the test executed for the given time.</doc>
<msg timestamp="20230512 17:42:53.256" level="INFO">Slept 1 second</msg>
<status status="PASS" starttime="20230512 17:42:52.241" endtime="20230512 17:42:53.256"/>
</kw>
<kw name="Input Text" library="SeleniumLibrary">
<arg>xpath://input[@type='text']</arg>
<arg>Delhi</arg>
<doc>Types the given ``text`` into the text field identified by ``locator``.</doc>
<msg timestamp="20230512 17:42:53.257" level="INFO">Typing text 'Delhi' into text field 'xpath://input[@type='text']'.</msg>
<status status="PASS" starttime="20230512 17:42:53.256" endtime="20230512 17:42:53.319"/>
</kw>
<kw name="Press Keys" library="SeleniumLibrary">
<arg>xpath://input[@type='text']</arg>
<arg>ENTER</arg>
<doc>Simulates the user pressing key(s) to an element or on the active browser.</doc>
<msg timestamp="20230512 17:42:53.320" level="INFO">Sending key(s) ('ENTER',) to xpath://input[@type='text'] element.</msg>
<msg timestamp="20230512 17:42:53.628" level="INFO">Pressing special key ENTER to element.</msg>
<msg timestamp="20230512 17:42:53.628" level="INFO">Releasing special key ENTER.</msg>
<status status="PASS" starttime="20230512 17:42:53.319" endtime="20230512 17:42:53.688"/>
</kw>
<kw name="Click Element" library="SeleniumLibrary">
<arg>xpath://span[@class='fswTrvl__done']</arg>
<doc>Click the element identified by ``locator``.</doc>
<msg timestamp="20230512 17:42:53.689" level="INFO">Clicking element 'xpath://span[@class='fswTrvl__done']'.</msg>
<status status="PASS" starttime="20230512 17:42:53.688" endtime="20230512 17:42:53.955"/>
</kw>
<kw name="Sleep" library="BuiltIn">
<arg>1</arg>
<doc>Pauses the test executed for the given time.</doc>
<msg timestamp="20230512 17:42:54.961" level="INFO">Slept 1 second</msg>
<status status="PASS" starttime="20230512 17:42:53.955" endtime="20230512 17:42:54.961"/>
</kw>
<kw name="Click Element" library="SeleniumLibrary">
<arg>xpath://a[text()='Done']</arg>
<doc>Click the element identified by ``locator``.</doc>
<msg timestamp="20230512 17:42:54.962" level="INFO">Clicking element 'xpath://a[text()='Done']'.</msg>
<status status="PASS" starttime="20230512 17:42:54.961" endtime="20230512 17:42:55.040"/>
</kw>
<status status="PASS" starttime="20230512 17:42:51.531" endtime="20230512 17:42:55.041"/>
</kw>
<kw name="And User click on Search button" library="Goibibo_Keywords">
<kw name="Click Element" library="SeleniumLibrary">
<arg>xpath://span[contains(@class,'sc-12foipm-91')]</arg>
<doc>Click the element identified by ``locator``.</doc>
<msg timestamp="20230512 17:42:55.041" level="INFO">Clicking element 'xpath://span[contains(@class,'sc-12foipm-91')]'.</msg>
<status status="PASS" starttime="20230512 17:42:55.041" endtime="20230512 17:42:55.615"/>
</kw>
<status status="PASS" starttime="20230512 17:42:55.041" endtime="20230512 17:42:55.616"/>
</kw>
<status status="PASS" starttime="20230512 17:42:44.984" endtime="20230512 17:42:55.616"/>
</test>
<doc>This Test Suite file contains all TC;s related to Goibibo</doc>
<status status="PASS" starttime="20230512 17:42:44.824" endtime="20230512 17:42:55.618"/>
</suite>
<statistics>
<total>
<stat pass="1" fail="0" skip="0">All Tests</stat>
</total>
<tag>
</tag>
<suite>
<stat pass="1" fail="0" skip="0" id="s1" name="Goibibo">Goibibo</stat>
</suite>
</statistics>
<errors>
</errors>
</robot>
